May 31th, 2024 - 18:34:59: INFO - **************************************************
May 31th, 2024 - 18:34:59: INFO - Application Server started!
May 31th, 2024 - 20:42:41: INFO - Successfully added the following user to the database: 'jackstarhimself@gmail.com'
May 31th, 2024 - 21:00:10: INFO - **************************************************
May 31th, 2024 - 21:00:10: INFO - Application Server started!
May 31th, 2024 - 21:00:10: INFO - **************************************************
May 31th, 2024 - 21:00:10: INFO - Application Server started!
May 31th, 2024 - 21:00:13: INFO - A page was not found! 404 Not Found: The requested URL was not found on the server. If you entered the URL manually please check your spelling and try again.
May 31th, 2024 - 21:00:27: INFO - A page was not found! 404 Not Found: The requested URL was not found on the server. If you entered the URL manually please check your spelling and try again.
May 31th, 2024 - 21:36:09: INFO - **************************************************
May 31th, 2024 - 21:36:09: INFO - Application Server started!
May 31th, 2024 - 21:36:09: INFO - **************************************************
May 31th, 2024 - 21:36:09: INFO - Application Server started!
May 31th, 2024 - 21:42:53: INFO - **************************************************
May 31th, 2024 - 21:42:53: INFO - Application Server started!
May 31th, 2024 - 21:42:53: INFO - **************************************************
May 31th, 2024 - 21:42:53: INFO - Application Server started!
May 31th, 2024 - 23:29:03: WARNING - Invalid email or password!
May 31th, 2024 - 23:31:32: INFO - **************************************************
May 31th, 2024 - 23:31:32: INFO - Application Server started!
May 31th, 2024 - 23:31:32: INFO - **************************************************
May 31th, 2024 - 23:31:32: INFO - Application Server started!
May 31th, 2024 - 23:36:37: INFO - User jackstarhimself@gmail.com successfully deleted their account.
May 31th, 2024 - 23:44:50: INFO - **************************************************
May 31th, 2024 - 23:44:50: INFO - Application Server started!
May 31th, 2024 - 23:44:50: INFO - **************************************************
May 31th, 2024 - 23:44:50: INFO - Application Server started!
Jun 01th, 2024 - 00:02:15: INFO - A page was not found! 404 Not Found: The requested URL was not found on the server. If you entered the URL manually please check your spelling and try again.
Jun 01th, 2024 - 00:02:15: INFO - A page was not found! 404 Not Found: The requested URL was not found on the server. If you entered the URL manually please check your spelling and try again.
Jun 01th, 2024 - 00:02:23: INFO - A page was not found! 404 Not Found: The requested URL was not found on the server. If you entered the URL manually please check your spelling and try again.
Jun 01th, 2024 - 00:05:09: INFO - A page was not found! 404 Not Found: The requested URL was not found on the server. If you entered the URL manually please check your spelling and try again.
Jun 01th, 2024 - 00:05:09: INFO - A page was not found! 404 Not Found: The requested URL was not found on the server. If you entered the URL manually please check your spelling and try again.
Jun 01th, 2024 - 00:05:28: INFO - A page was not found! 404 Not Found: The requested URL was not found on the server. If you entered the URL manually please check your spelling and try again.
Jun 01th, 2024 - 00:05:28: INFO - A page was not found! 404 Not Found: The requested URL was not found on the server. If you entered the URL manually please check your spelling and try again.
Jun 01th, 2024 - 00:06:00: INFO - A page was not found! 404 Not Found: The requested URL was not found on the server. If you entered the URL manually please check your spelling and try again.
Jun 01th, 2024 - 00:09:47: INFO - A page was not found! 404 Not Found: The requested URL was not found on the server. If you entered the URL manually please check your spelling and try again.
Jun 01th, 2024 - 00:09:48: INFO - A page was not found! 404 Not Found: The requested URL was not found on the server. If you entered the URL manually please check your spelling and try again.
Jun 01th, 2024 - 00:09:49: INFO - A page was not found! 404 Not Found: The requested URL was not found on the server. If you entered the URL manually please check your spelling and try again.
Jun 01th, 2024 - 00:16:41: INFO - A page was not found! 404 Not Found: The requested URL was not found on the server. If you entered the URL manually please check your spelling and try again.
Jun 01th, 2024 - 00:16:41: INFO - A page was not found! 404 Not Found: The requested URL was not found on the server. If you entered the URL manually please check your spelling and try again.
Jun 01th, 2024 - 00:16:43: INFO - A page was not found! 404 Not Found: The requested URL was not found on the server. If you entered the URL manually please check your spelling and try again.
Jun 01th, 2024 - 00:16:43: INFO - A page was not found! 404 Not Found: The requested URL was not found on the server. If you entered the URL manually please check your spelling and try again.
Jun 01th, 2024 - 00:16:53: INFO - A page was not found! 404 Not Found: The requested URL was not found on the server. If you entered the URL manually please check your spelling and try again.
Jun 01th, 2024 - 01:18:55: INFO - A page was not found! 404 Not Found: The requested URL was not found on the server. If you entered the URL manually please check your spelling and try again.
Jun 01th, 2024 - 01:18:55: INFO - A page was not found! 404 Not Found: The requested URL was not found on the server. If you entered the URL manually please check your spelling and try again.
Jun 01th, 2024 - 01:21:07: INFO - A page was not found! 404 Not Found: The requested URL was not found on the server. If you entered the URL manually please check your spelling and try again.
Jun 01th, 2024 - 01:22:28: INFO - A page was not found! 404 Not Found: The requested URL was not found on the server. If you entered the URL manually please check your spelling and try again.
Jun 01th, 2024 - 01:23:47: INFO - A page was not found! 404 Not Found: The requested URL was not found on the server. If you entered the URL manually please check your spelling and try again.
Jun 01th, 2024 - 01:23:51: INFO - A page was not found! 404 Not Found: The requested URL was not found on the server. If you entered the URL manually please check your spelling and try again.
Jun 01th, 2024 - 01:24:11: INFO - A page was not found! 404 Not Found: The requested URL was not found on the server. If you entered the URL manually please check your spelling and try again.
Jun 01th, 2024 - 01:24:17: INFO - A page was not found! 404 Not Found: The requested URL was not found on the server. If you entered the URL manually please check your spelling and try again.
Jun 01th, 2024 - 01:25:07: INFO - A page was not found! 404 Not Found: The requested URL was not found on the server. If you entered the URL manually please check your spelling and try again.
Jun 01th, 2024 - 01:27:52: INFO - A page was not found! 404 Not Found: The requested URL was not found on the server. If you entered the URL manually please check your spelling and try again.
Jun 01th, 2024 - 01:27:58: INFO - A page was not found! 404 Not Found: The requested URL was not found on the server. If you entered the URL manually please check your spelling and try again.
Jun 01th, 2024 - 01:28:26: INFO - A page was not found! 404 Not Found: The requested URL was not found on the server. If you entered the URL manually please check your spelling and try again.
Jun 01th, 2024 - 01:32:09: INFO - A page was not found! 404 Not Found: The requested URL was not found on the server. If you entered the URL manually please check your spelling and try again.
Jun 01th, 2024 - 01:36:22: INFO - A page was not found! 404 Not Found: The requested URL was not found on the server. If you entered the URL manually please check your spelling and try again.
Jun 01th, 2024 - 01:36:36: INFO - A page was not found! 404 Not Found: The requested URL was not found on the server. If you entered the URL manually please check your spelling and try again.
Jun 01th, 2024 - 01:37:53: INFO - A page was not found! 404 Not Found: The requested URL was not found on the server. If you entered the URL manually please check your spelling and try again.
Jun 01th, 2024 - 01:42:40: INFO - **************************************************
Jun 01th, 2024 - 01:42:40: INFO - Application Server started!
Jun 01th, 2024 - 01:42:40: INFO - **************************************************
Jun 01th, 2024 - 01:42:40: INFO - Application Server started!
Jun 01th, 2024 - 11:35:43: INFO - A page was not found! 404 Not Found: The requested URL was not found on the server. If you entered the URL manually please check your spelling and try again.
Jun 01th, 2024 - 11:35:45: INFO - A page was not found! 404 Not Found: The requested URL was not found on the server. If you entered the URL manually please check your spelling and try again.
Jun 01th, 2024 - 11:35:50: INFO - A page was not found! 404 Not Found: The requested URL was not found on the server. If you entered the URL manually please check your spelling and try again.
Jun 01th, 2024 - 11:35:52: INFO - A page was not found! 404 Not Found: The requested URL was not found on the server. If you entered the URL manually please check your spelling and try again.
Jun 01th, 2024 - 12:04:49: INFO - A page was not found! 404 Not Found: The requested URL was not found on the server. If you entered the URL manually please check your spelling and try again.
Jun 01th, 2024 - 13:50:24: INFO - A page was not found! 404 Not Found: The requested URL was not found on the server. If you entered the URL manually please check your spelling and try again.
Jun 01th, 2024 - 13:50:25: INFO - A page was not found! 404 Not Found: The requested URL was not found on the server. If you entered the URL manually please check your spelling and try again.
Jun 01th, 2024 - 13:51:38: INFO - A page was not found! 404 Not Found: The requested URL was not found on the server. If you entered the URL manually please check your spelling and try again.
Jun 01th, 2024 - 13:51:40: INFO - A page was not found! 404 Not Found: The requested URL was not found on the server. If you entered the URL manually please check your spelling and try again.
Jun 01th, 2024 - 13:53:34: INFO - A page was not found! 404 Not Found: The requested URL was not found on the server. If you entered the URL manually please check your spelling and try again.
Jun 01th, 2024 - 13:54:50: INFO - A page was not found! 404 Not Found: The requested URL was not found on the server. If you entered the URL manually please check your spelling and try again.
Jun 01th, 2024 - 13:56:12: INFO - A page was not found! 404 Not Found: The requested URL was not found on the server. If you entered the URL manually please check your spelling and try again.
Jun 01th, 2024 - 13:56:24: INFO - A page was not found! 404 Not Found: The requested URL was not found on the server. If you entered the URL manually please check your spelling and try again.
Jun 01th, 2024 - 13:56:43: INFO - A page was not found! 404 Not Found: The requested URL was not found on the server. If you entered the URL manually please check your spelling and try again.
Jun 01th, 2024 - 13:57:06: INFO - Successfully added the following user to the database: 'jackstarhimself@gmail.com'
Jun 01th, 2024 - 13:57:07: INFO - A page was not found! 404 Not Found: The requested URL was not found on the server. If you entered the URL manually please check your spelling and try again.
Jun 01th, 2024 - 13:57:15: INFO - A page was not found! 404 Not Found: The requested URL was not found on the server. If you entered the URL manually please check your spelling and try again.
Jun 01th, 2024 - 13:57:56: INFO - A page was not found! 404 Not Found: The requested URL was not found on the server. If you entered the URL manually please check your spelling and try again.
Jun 01th, 2024 - 13:57:57: INFO - A page was not found! 404 Not Found: The requested URL was not found on the server. If you entered the URL manually please check your spelling and try again.
Jun 01th, 2024 - 13:57:58: INFO - A page was not found! 404 Not Found: The requested URL was not found on the server. If you entered the URL manually please check your spelling and try again.
Jun 01th, 2024 - 13:57:58: INFO - A page was not found! 404 Not Found: The requested URL was not found on the server. If you entered the URL manually please check your spelling and try again.
Jun 01th, 2024 - 13:58:05: INFO - A page was not found! 404 Not Found: The requested URL was not found on the server. If you entered the URL manually please check your spelling and try again.
Jun 01th, 2024 - 13:59:38: INFO - A page was not found! 404 Not Found: The requested URL was not found on the server. If you entered the URL manually please check your spelling and try again.
Jun 01th, 2024 - 13:59:41: INFO - A page was not found! 404 Not Found: The requested URL was not found on the server. If you entered the URL manually please check your spelling and try again.
Jun 01th, 2024 - 13:59:48: INFO - A page was not found! 404 Not Found: The requested URL was not found on the server. If you entered the URL manually please check your spelling and try again.
Jun 01th, 2024 - 14:01:08: INFO - A page was not found! 404 Not Found: The requested URL was not found on the server. If you entered the URL manually please check your spelling and try again.
Jun 01th, 2024 - 14:01:57: INFO - A page was not found! 404 Not Found: The requested URL was not found on the server. If you entered the URL manually please check your spelling and try again.
Jun 01th, 2024 - 14:01:59: INFO - A page was not found! 404 Not Found: The requested URL was not found on the server. If you entered the URL manually please check your spelling and try again.
Jun 01th, 2024 - 14:30:34: INFO - A page was not found! 404 Not Found: The requested URL was not found on the server. If you entered the URL manually please check your spelling and try again.
Jun 01th, 2024 - 14:30:45: INFO - A page was not found! 404 Not Found: The requested URL was not found on the server. If you entered the URL manually please check your spelling and try again.
Jun 01th, 2024 - 14:30:47: INFO - A page was not found! 404 Not Found: The requested URL was not found on the server. If you entered the URL manually please check your spelling and try again.
Jun 01th, 2024 - 14:30:49: INFO - A page was not found! 404 Not Found: The requested URL was not found on the server. If you entered the URL manually please check your spelling and try again.
Jun 01th, 2024 - 14:32:34: INFO - A page was not found! 404 Not Found: The requested URL was not found on the server. If you entered the URL manually please check your spelling and try again.
Jun 01th, 2024 - 14:32:44: INFO - **************************************************
Jun 01th, 2024 - 14:32:44: INFO - Application Server started!
Jun 01th, 2024 - 14:32:44: INFO - **************************************************
Jun 01th, 2024 - 14:32:44: INFO - Application Server started!
Jun 01th, 2024 - 14:32:49: INFO - A page was not found! 404 Not Found: The requested URL was not found on the server. If you entered the URL manually please check your spelling and try again.
Jun 01th, 2024 - 14:33:39: INFO - A page was not found! 404 Not Found: The requested URL was not found on the server. If you entered the URL manually please check your spelling and try again.
Jun 01th, 2024 - 14:34:35: INFO - A page was not found! 404 Not Found: The requested URL was not found on the server. If you entered the URL manually please check your spelling and try again.
Jun 01th, 2024 - 14:34:37: INFO - A page was not found! 404 Not Found: The requested URL was not found on the server. If you entered the URL manually please check your spelling and try again.
Jun 01th, 2024 - 14:35:24: INFO - Successfully added the following user to the database: 'jackstarhimself@gmail.com'
Jun 01th, 2024 - 14:35:24: INFO - A page was not found! 404 Not Found: The requested URL was not found on the server. If you entered the URL manually please check your spelling and try again.
Jun 01th, 2024 - 14:35:36: INFO - **************************************************
Jun 01th, 2024 - 14:35:36: INFO - Application Server started!
Jun 01th, 2024 - 14:35:36: INFO - **************************************************
Jun 01th, 2024 - 14:35:36: INFO - Application Server started!
